#
# There is insufficient memory for the Java Runtime Environment to continue.
# Native memory allocation (mmap) failed to map 266338304 bytes for G1 virtual space
# Possible reasons:
#   The system is out of physical RAM or swap space
#   The process is running with CompressedOops enabled, and the Java Heap may be blocking the growth of the native heap
# Possible solutions:
#   Reduce memory load on the system
#   Increase physical memory or swap space
#   Check if swap backing store is full
#   Decrease Java heap size (-Xmx/-Xms)
#   Decrease number of Java threads
#   Decrease Java thread stack sizes (-Xss)
#   Set larger code cache with -XX:ReservedCodeCacheSize=
#   JVM is running with Zero Based Compressed Oops mode in which the Java heap is
#     placed in the first 32GB address space. The Java Heap base address is the
#     maximum limit for the native heap growth. Please use -XX:HeapBaseMinAddress
#     to set the Java Heap base and to place the Java Heap above 32GB virtual address.
# This output file may be truncated or incomplete.
#
#  Out of Memory Error (./open/src/hotspot/os/windows/os_windows.cpp:3472), pid=14024, tid=25800
#
# JRE version:  (15.0.1+9) (build )
# Java VM: OpenJDK 64-Bit Server VM (15.0.1+9-18, mixed mode, sharing, tiered, compressed oops, g1 gc, windows-amd64)
# No core dump will be written. Minidumps are not enabled by default on client versions of Windows
#

---------------  S U M M A R Y ------------

Command Line: -Dfile.encoding=Cp1252 -XX:+ShowCodeDetailsInExceptionMessages Board

Host: Intel(R) Core(TM) i7-8550U CPU @ 1.80GHz, 8 cores, 15G,  Windows 10 , 64 bit Build 19041 (10.0.19041.662)
Time: Sun Jan 10 21:05:22 2021 Eastern Standard Time elapsed time: 0.019153 seconds (0d 0h 0m 0s)

---------------  T H R E A D  ---------------

Current thread (0x0000024bbb655890):  JavaThread "Unknown thread" [_thread_in_vm, id=25800, stack(0x0000006012700000,0x0000006012800000)]

Stack: [0x0000006012700000,0x0000006012800000]
Native frames: (J=compiled Java code, j=interpreted, Vv=VM code, C=native code)
V  [jvm.dll+0x62ae9a]
V  [jvm.dll+0x781389]
V  [jvm.dll+0x782ae3]
V  [jvm.dll+0x783143]
V  [jvm.dll+0x216265]
V  [jvm.dll+0x6281d9]
V  [jvm.dll+0x61cd15]
V  [jvm.dll+0x2d01fd]
V  [jvm.dll+0x2d0062]
V  [jvm.dll+0x2d603c]
V  [jvm.dll+0x325b2a]
V  [jvm.dll+0x3251f4]
V  [jvm.dll+0x2a717a]
V  [jvm.dll+0x2a8318]
V  [jvm.dll+0x75e101]
V  [jvm.dll+0x3343e4]
V  [jvm.dll+0x73e826]
V  [jvm.dll+0x3b7777]
V  [jvm.dll+0x3b9201]
C  [jli.dll+0x52fb]
C  [ucrtbase.dll+0x214c2]
C  [KERNEL32.DLL+0x17034]
C  [ntdll.dll+0x4d0d1]


---------------  P R O C E S S  ---------------

Threads class SMR info:
_java_thread_list=0x00007ffd8a684ff0, length=0, elements={
}

Java Threads: ( => current thread )

Other Threads:
  0x0000024bbb6a4a50 GCTaskThread "GC Thread#0" [stack: 0x0000006012800000,0x0000006012900000] [id=11396]
  0x0000024bbb6b5f90 ConcurrentGCThread "G1 Main Marker" [stack: 0x0000006012900000,0x0000006012a00000] [id=25876]
  0x0000024bbb6b6940 ConcurrentGCThread "G1 Conc#0" [stack: 0x0000006012a00000,0x0000006012b00000] [id=26580]

[error occurred during error reporting (printing all threads), id 0xc0000005, EXCEPTION_ACCESS_VIOLATION (0xc0000005) at pc=0x00007ffd89e78047]

VM state: not at safepoint (not fully initialized)

VM Mutex/Monitor currently owned by a thread:  ([mutex/lock_event])
[0x0000024bbb650180] Heap_lock - owner thread: 0x0000024bbb655890

Heap address: 0x0000000702600000, size: 4058 MB, Compressed Oops mode: Zero based, Oop shift amount: 3
CDS archive(s) mapped at: [0x0000000000000000-0x0000000000000000-0x0000000000000000), size 0, SharedBaseAddress: 0x0000000800000000, ArchiveRelocationMode: 0.
Narrow klass base: 0x0000000000000000, Narrow klass shift: 0, Narrow klass range: 0x0

Heap:
 garbage-first heap   total 260096K, used 0K [0x0000000702600000, 0x0000000800000000)
  region size 2048K, 0 young (0K), 0 survivors (0K)
 Metaspace       used 0K, capacity 0K, committed 0K, reserved 0K
  class space    used 0K, capacity 0K, committed 0K, reserved 0K

Heap Regions: E=young(eden), S=young(survivor), O=old, HS=humongous(starts), HC=humongous(continues), CS=collection set, F=free, OA=open archive, CA=closed archive, TAMS=top-at-mark-start (previous, next)

Card table byte_map: [0x0000024bce6d0000,0x0000024bceec0000] _byte_map_base: 0x0000024bcaebd000

Marking Bits (Prev, Next): (CMBitMap*) 0x0000024bbb6a5000, (CMBitMap*) 0x0000024bbb6a5040
 Prev Bits: [0x0000024bcf6b0000, 0x0000024bd3618000)
 Next Bits: [0x0000024bd3620000, 0x0000024bd7588000)

GC Heap History (0 events):
No events

Deoptimization events (0 events):
No events

Classes unloaded (0 events):
No events

Classes redefined (0 events):
No events

Internal exceptions (0 events):
No events

Events (1 events):
Event: 0.010 Loaded shared library C:\Users\hrish\AppData\Local\Temp\eoiFB78.tmp\plugins\org.eclipse.justj.openjdk.hotspot.jre.minimal.stripped.win32.x86_64_15.0.1.v20201027-0507\jre\bin\java.dll


Dynamic libraries:
0x00007ff6a0d30000 - 0x00007ff6a0d3d000 	C:\Users\hrish\AppData\Local\Temp\eoiFB78.tmp\plugins\org.eclipse.justj.openjdk.hotspot.jre.minimal.stripped.win32.x86_64_15.0.1.v20201027-0507\jre\bin\javaw.exe
0x00007ffde8f10000 - 0x00007ffde9106000 	C:\WINDOWS\SYSTEM32\ntdll.dll
0x00007ffde6fc0000 - 0x00007ffde707d000 	C:\WINDOWS\System32\KERNEL32.DLL
0x00007ffde6740000 - 0x00007ffde6a09000 	C:\WINDOWS\System32\KERNELBASE.dll
0x00007ffde09a0000 - 0x00007ffde0a30000 	C:\WINDOWS\SYSTEM32\apphelp.dll
0x00007ffde6b50000 - 0x00007ffde6c50000 	C:\WINDOWS\System32\ucrtbase.dll
0x00007ffddecf0000 - 0x00007ffdded09000 	C:\Users\hrish\AppData\Local\Temp\eoiFB78.tmp\plugins\org.eclipse.justj.openjdk.hotspot.jre.minimal.stripped.win32.x86_64_15.0.1.v20201027-0507\jre\bin\VCRUNTIME140.dll
0x00007ffdded10000 - 0x00007ffdded28000 	C:\Users\hrish\AppData\Local\Temp\eoiFB78.tmp\plugins\org.eclipse.justj.openjdk.hotspot.jre.minimal.stripped.win32.x86_64_15.0.1.v20201027-0507\jre\bin\jli.dll
0x00007ffde87e0000 - 0x00007ffde8980000 	C:\WINDOWS\System32\USER32.dll
0x00007ffdd1bb0000 - 0x00007ffdd1e4b000 	C:\WINDOWS\WinSxS\amd64_microsoft.windows.common-controls_6595b64144ccf1df_6.0.19041.488_none_ca04af081b815d21\COMCTL32.dll
0x00007ffde6b20000 - 0x00007ffde6b42000 	C:\WINDOWS\System32\win32u.dll
0x00007ffde8df0000 - 0x00007ffde8e8e000 	C:\WINDOWS\System32\msvcrt.dll
0x00007ffde83d0000 - 0x00007ffde83fa000 	C:\WINDOWS\System32\GDI32.dll
0x00007ffde6a10000 - 0x00007ffde6b19000 	C:\WINDOWS\System32\gdi32full.dll
0x00007ffde6620000 - 0x00007ffde66bd000 	C:\WINDOWS\System32\msvcp_win.dll
0x00007ffde8400000 - 0x00007ffde8430000 	C:\WINDOWS\System32\IMM32.DLL
0x00007ffddece0000 - 0x00007ffddecec000 	C:\Users\hrish\AppData\Local\Temp\eoiFB78.tmp\plugins\org.eclipse.justj.openjdk.hotspot.jre.minimal.stripped.win32.x86_64_15.0.1.v20201027-0507\jre\bin\vcruntime140_1.dll
0x00007ffda2b50000 - 0x00007ffda2be1000 	C:\Users\hrish\AppData\Local\Temp\eoiFB78.tmp\plugins\org.eclipse.justj.openjdk.hotspot.jre.minimal.stripped.win32.x86_64_15.0.1.v20201027-0507\jre\bin\msvcp140.dll
0x00007ffd89bc0000 - 0x00007ffd8a71e000 	C:\Users\hrish\AppData\Local\Temp\eoiFB78.tmp\plugins\org.eclipse.justj.openjdk.hotspot.jre.minimal.stripped.win32.x86_64_15.0.1.v20201027-0507\jre\bin\server\jvm.dll
0x00007ffde71b0000 - 0x00007ffde725c000 	C:\WINDOWS\System32\ADVAPI32.dll
0x00007ffde7880000 - 0x00007ffde791c000 	C:\WINDOWS\System32\sechost.dll
0x00007ffde79f0000 - 0x00007ffde7b1b000 	C:\WINDOWS\System32\RPCRT4.dll
0x00007ffde7b90000 - 0x00007ffde7b98000 	C:\WINDOWS\System32\PSAPI.DLL
0x00007ffdcefe0000 - 0x00007ffdcf007000 	C:\WINDOWS\SYSTEM32\WINMM.dll
0x00007ffdda7c0000 - 0x00007ffdda7ca000 	C:\WINDOWS\SYSTEM32\VERSION.dll
0x00007ffdcb670000 - 0x00007ffdcb679000 	C:\WINDOWS\SYSTEM32\WSOCK32.dll
0x00007ffde7780000 - 0x00007ffde77eb000 	C:\WINDOWS\System32\WS2_32.dll
0x00007ffde4ec0000 - 0x00007ffde4ed2000 	C:\WINDOWS\SYSTEM32\kernel.appcore.dll
0x00007ffddecd0000 - 0x00007ffddecda000 	C:\Users\hrish\AppData\Local\Temp\eoiFB78.tmp\plugins\org.eclipse.justj.openjdk.hotspot.jre.minimal.stripped.win32.x86_64_15.0.1.v20201027-0507\jre\bin\jimage.dll
0x00007ffde1280000 - 0x00007ffde1464000 	C:\WINDOWS\SYSTEM32\DBGHELP.DLL
0x00007ffdc4920000 - 0x00007ffdc494c000 	C:\WINDOWS\SYSTEM32\dbgcore.DLL
0x00007ffde66c0000 - 0x00007ffde6740000 	C:\WINDOWS\System32\bcryptPrimitives.dll
0x00007ffddebf0000 - 0x00007ffddec15000 	C:\Users\hrish\AppData\Local\Temp\eoiFB78.tmp\plugins\org.eclipse.justj.openjdk.hotspot.jre.minimal.stripped.win32.x86_64_15.0.1.v20201027-0507\jre\bin\java.dll

dbghelp: loaded successfully - version: 4.0.5 - missing functions: none
symbol engine: initialized successfully - sym options: 0x614 - pdb path: .;C:\Users\hrish\AppData\Local\Temp\eoiFB78.tmp\plugins\org.eclipse.justj.openjdk.hotspot.jre.minimal.stripped.win32.x86_64_15.0.1.v20201027-0507\jre\bin;C:\WINDOWS\SYSTEM32;C:\WINDOWS\WinSxS\amd64_microsoft.windows.common-controls_6595b64144ccf1df_6.0.19041.488_none_ca04af081b815d21;C:\Users\hrish\AppData\Local\Temp\eoiFB78.tmp\plugins\org.eclipse.justj.openjdk.hotspot.jre.minimal.stripped.win32.x86_64_15.0.1.v20201027-0507\jre\bin\server

VM Arguments:
jvm_args: -Dfile.encoding=Cp1252 -XX:+ShowCodeDetailsInExceptionMessages 
java_command: Board
java_class_path (initial): C:\Users\hrish\eclipse-workspace-new\Chess\bin
Launcher Type: SUN_STANDARD

[Global flags]
     intx CICompilerCount                          = 4                                         {product} {ergonomic}
     uint ConcGCThreads                            = 2                                         {product} {ergonomic}
     uint G1ConcRefinementThreads                  = 8                                         {product} {ergonomic}
   size_t G1HeapRegionSize                         = 2097152                                   {product} {ergonomic}
    uintx GCDrainStackTargetSize                   = 64                                        {product} {ergonomic}
   size_t InitialHeapSize                          = 266338304                                 {product} {ergonomic}
   size_t MarkStackSize                            = 4194304                                   {product} {ergonomic}
   size_t MaxHeapSize                              = 4255121408                                {product} {ergonomic}
   size_t MinHeapDeltaBytes                        = 2097152                                   {product} {ergonomic}
   size_t MinHeapSize                              = 8388608                                   {product} {ergonomic}
    uintx NonNMethodCodeHeapSize                   = 5839372                                {pd product} {ergonomic}
    uintx NonProfiledCodeHeapSize                  = 122909434                              {pd product} {ergonomic}
    uintx ProfiledCodeHeapSize                     = 122909434                              {pd product} {ergonomic}
    uintx ReservedCodeCacheSize                    = 251658240                              {pd product} {ergonomic}
     bool SegmentedCodeCache                       = true                                      {product} {ergonomic}
     bool ShowCodeDetailsInExceptionMessages       = true                                   {manageable} {command line}
   size_t SoftMaxHeapSize                          = 4255121408                             {manageable} {ergonomic}
     bool UseCompressedClassPointers               = true                                 {lp64_product} {ergonomic}
     bool UseCompressedOops                        = true                                 {lp64_product} {ergonomic}
     bool UseG1GC                                  = true                                      {product} {ergonomic}
     bool UseLargePagesIndividualAllocation        = false                                  {pd product} {ergonomic}

Logging:
Log output configuration:
 #0: stdout all=warning uptime,level,tags
 #1: stderr all=off uptime,level,tags

Environment Variables:
PATH=C:/Program Files/Java/jdk-13.0.1/bin/server;C:/Program Files/Java/jdk-13.0.1/bin;C:\Program Files\NVIDIA GPU Computing Toolkit\CUDA\v11.2\bin;C:\Program Files\NVIDIA GPU Computing Toolkit\CUDA\v11.2\libnvvp;C:\Program Files\NVIDIA GPU Computing Toolkit\CUDA\v10.1\bin;C:\Program Files\NVIDIA GPU Computing Toolkit\CUDA\v10.1\libnvvp;C:\Python39\Scripts\;C:\Python39\;C:\Program Files\Java\jdk-13.0.1\bin;C:\oraclexe\app\oracle\product\11.2.0\server\bin;C:\Oracle_18c\dbhomeXE\bin;C:\Program Files (x86)\Intel\Intel(R) Management Engine Components\iCLS\;C:\Program Files\Intel\Intel(R) Management Engine Components\iCLS\;C:\ProgramData\Oracle\Java\javapath;C:\windows\system32;C:\windows;C:\windows\System32\Wbem;C:\windows\System32\WindowsPowerShell\v1.0\;C:\Program Files (x86)\NVIDIA Corporation\PhysX\Common;C:\WINDOWS\system32;C:\WINDOWS;C:\WINDOWS\System32\Wbem;C:\WINDOWS\System32\WindowsPowerShell\v1.0\;C:\Program Files (x86)\Intel\Intel(R) Management Engine Components\DAL;C:\Program Files\Intel\Intel(R) Management Engine Components\DAL;C:\Program Files (x86)\Intel\Intel(R) Management Engine Components\IPT;C:\Program Files\Intel\Intel(R) Management Engine Components\IPT;C:\WINDOWS\System32\OpenSSH\;C:\Program Files\Intel\WiFi\bin\;C:\Program Files\Common Files\Intel\WirelessCommon\;C:\Program Files\PuTTY\;C:\Program Files\Git\cmd;C:\Program Files\Docker\Docker\resources\bin;C:\ProgramData\DockerDesktop\version-bin;C:\Program Files\nodejs\;C:\ProgramData\chocolatey\bin;C:\Program Files\NVIDIA Corporation\NVIDIA NvDLISR;C:\Program Files\NVIDIA Corporation\Nsight Compute 2020.3.0\;C:\Program Files\NVIDIA GPU Computing Toolkit\CUDA\v11.2\extras\CUPTI\lib64;C:\Program Files\NVIDIA GPU Computing Toolkit\CUDA\v11.0\include;C:\cudnn-11.1-windows-x64-v8.0.4.30\cuda\bin;C:\Users\hrish\AppData\Local\Programs\Python\Python37\Scripts\;C:\Users\hrish\AppData\Local\Programs\Python\Python37\;C:\Users\hrish\AppData\Local\Microsoft\WindowsApps;C:\Program Files\JetBrains\PyCharm 2018.3.2\
USERNAME=hrish
OS=Windows_NT
PROCESSOR_IDENTIFIER=Intel64 Family 6 Model 142 Stepping 10, GenuineIntel



---------------  S Y S T E M  ---------------

OS:
 Windows 10 , 64 bit Build 19041 (10.0.19041.662)
OS uptime: 0 days 10:12 hours
HyperV virtualization detected

CPU: total 8 (initial active 8) (4 cores per cpu, 2 threads per core) family 6 model 142 stepping 10 microcode 0xb4, cmov, cx8, fxsr, mmx, sse, sse2, sse3, ssse3, sse4.1, sse4.2, popcnt, vzeroupper, avx, avx2, aes, clmul, erms, 3dnowpref, lzcnt, ht, tsc, tscinvbit, bmi1, bmi2, adx, fma, clflush, clflushopt

Memory: 4k page, system-wide physical 16230M (5856M free)
TotalPageFile size 43440M (AvailPageFile size 140M)
current process WorkingSet (physical memory assigned to process): 11M, peak: 11M
current process commit charge ("private bytes"): 60M, peak: 314M

vm_info: OpenJDK 64-Bit Server VM (15.0.1+9-18) for windows-amd64 JRE (15.0.1+9-18), built on Sep 15 2020 14:39:31 by "mach5one" with unknown MS VC++:1925

END.
